0 info it worked if it ends with ok
1 verbose cli [ '/usr/local/bin/node',
1 verbose cli   '/usr/local/bin/npm',
1 verbose cli   'install',
1 verbose cli   'require',
1 verbose cli   '2.4.20' ]
2 info using npm@3.3.12
3 info using node@v5.5.0
4 silly loadCurrentTree Starting
5 silly install loadCurrentTree
6 silly install readLocalPackageData
7 silly fetchPackageMetaData require
8 silly fetchPackageMetaData 2.4.20
9 silly fetchNamedPackageData require
10 silly mapToRegistry name require
11 silly mapToRegistry using default registry
12 silly mapToRegistry registry https://registry.npmjs.org/
13 silly mapToRegistry uri https://registry.npmjs.org/require
14 silly fetchNamedPackageData 2.4.20
15 silly mapToRegistry name 2.4.20
16 silly mapToRegistry using default registry
17 silly mapToRegistry registry https://registry.npmjs.org/
18 silly mapToRegistry uri https://registry.npmjs.org/2.4.20
19 verbose request uri https://registry.npmjs.org/require
20 verbose request no auth needed
21 info attempt registry request try #1 at 10:03:49 AM
22 verbose request id 010b5e9b12dfad0f
23 http request GET https://registry.npmjs.org/require
24 verbose request uri https://registry.npmjs.org/2.4.20
25 verbose request no auth needed
26 info attempt registry request try #1 at 10:03:49 AM
27 http request GET https://registry.npmjs.org/2.4.20
28 http 200 https://registry.npmjs.org/require
29 verbose headers { server: 'CouchDB/1.5.0 (Erlang OTP/R16B03)',
29 verbose headers   etag: '"7AV4P1SH91W9V46Z345N8XWOB"',
29 verbose headers   'content-type': 'application/json',
29 verbose headers   'content-encoding': 'gzip',
29 verbose headers   'cache-control': 'max-age=300',
29 verbose headers   'content-length': '3225',
29 verbose headers   'accept-ranges': 'bytes',
29 verbose headers   date: 'Thu, 21 Apr 2016 17:03:50 GMT',
29 verbose headers   via: '1.1 varnish',
29 verbose headers   age: '0',
29 verbose headers   connection: 'keep-alive',
29 verbose headers   'x-served-by': 'cache-sjc3123-SJC',
29 verbose headers   'x-cache': 'MISS',
29 verbose headers   'x-cache-hits': '0',
29 verbose headers   'x-timer': 'S1461258230.116251,VS0,VE87',
29 verbose headers   vary: 'Accept-Encoding' }
30 silly get cb [ 200,
30 silly get   { server: 'CouchDB/1.5.0 (Erlang OTP/R16B03)',
30 silly get     etag: '"7AV4P1SH91W9V46Z345N8XWOB"',
30 silly get     'content-type': 'application/json',
30 silly get     'content-encoding': 'gzip',
30 silly get     'cache-control': 'max-age=300',
30 silly get     'content-length': '3225',
30 silly get     'accept-ranges': 'bytes',
30 silly get     date: 'Thu, 21 Apr 2016 17:03:50 GMT',
30 silly get     via: '1.1 varnish',
30 silly get     age: '0',
30 silly get     connection: 'keep-alive',
30 silly get     'x-served-by': 'cache-sjc3123-SJC',
30 silly get     'x-cache': 'MISS',
30 silly get     'x-cache-hits': '0',
30 silly get     'x-timer': 'S1461258230.116251,VS0,VE87',
30 silly get     vary: 'Accept-Encoding' } ]
31 verbose get saving require to /Users/fudaviddong/.npm/registry.npmjs.org/require/.cache.json
32 http 404 https://registry.npmjs.org/2.4.20
33 verbose headers { 'content-type': 'application/json',
33 verbose headers   'cache-control': 'max-age=0',
33 verbose headers   'content-length': '2',
33 verbose headers   'accept-ranges': 'bytes',
33 verbose headers   date: 'Thu, 21 Apr 2016 17:03:50 GMT',
33 verbose headers   via: '1.1 varnish',
33 verbose headers   age: '0',
33 verbose headers   connection: 'keep-alive',
33 verbose headers   'x-served-by': 'cache-sjc3127-SJC',
33 verbose headers   'x-cache': 'MISS',
33 verbose headers   'x-cache-hits': '0',
33 verbose headers   'x-timer': 'S1461258230.134279,VS0,VE137',
33 verbose headers   vary: 'Accept-Encoding' }
34 silly get cb [ 404,
34 silly get   { 'content-type': 'application/json',
34 silly get     'cache-control': 'max-age=0',
34 silly get     'content-length': '2',
34 silly get     'accept-ranges': 'bytes',
34 silly get     date: 'Thu, 21 Apr 2016 17:03:50 GMT',
34 silly get     via: '1.1 varnish',
34 silly get     age: '0',
34 silly get     connection: 'keep-alive',
34 silly get     'x-served-by': 'cache-sjc3127-SJC',
34 silly get     'x-cache': 'MISS',
34 silly get     'x-cache-hits': '0',
34 silly get     'x-timer': 'S1461258230.134279,VS0,VE137',
34 silly get     vary: 'Accept-Encoding' } ]
35 silly fetchPackageMetaData Error: Registry returned 404 for GET on https://registry.npmjs.org/2.4.20
35 silly fetchPackageMetaData     at makeError (/usr/local/lib/node_modules/npm/node_modules/npm-registry-client/lib/request.js:264:12)
35 silly fetchPackageMetaData     at CachingRegistryClient.<anonymous> (/usr/local/lib/node_modules/npm/node_modules/npm-registry-client/lib/request.js:242:14)
35 silly fetchPackageMetaData     at Request._callback (/usr/local/lib/node_modules/npm/node_modules/npm-registry-client/lib/request.js:172:14)
35 silly fetchPackageMetaData     at Request.self.callback (/usr/local/lib/node_modules/npm/node_modules/request/request.js:198:22)
35 silly fetchPackageMetaData     at emitTwo (events.js:100:13)
35 silly fetchPackageMetaData     at Request.emit (events.js:185:7)
35 silly fetchPackageMetaData     at Request.<anonymous> (/usr/local/lib/node_modules/npm/node_modules/request/request.js:1082:10)
35 silly fetchPackageMetaData     at emitOne (events.js:95:20)
35 silly fetchPackageMetaData     at Request.emit (events.js:182:7)
35 silly fetchPackageMetaData     at IncomingMessage.<anonymous> (/usr/local/lib/node_modules/npm/node_modules/request/request.js:1009:12)
35 silly fetchPackageMetaData  error for 2.4.20 { [Error: Registry returned 404 for GET on https://registry.npmjs.org/2.4.20] pkgid: '2.4.20', statusCode: 404, code: 'E404' }
36 silly rollbackFailedOptional Starting
37 silly rollbackFailedOptional Finishing
38 silly runTopLevelLifecycles Starting
39 silly runTopLevelLifecycles Finishing
40 silly install printInstalled
41 verbose stack Error: Registry returned 404 for GET on https://registry.npmjs.org/2.4.20
41 verbose stack     at makeError (/usr/local/lib/node_modules/npm/node_modules/npm-registry-client/lib/request.js:264:12)
41 verbose stack     at CachingRegistryClient.<anonymous> (/usr/local/lib/node_modules/npm/node_modules/npm-registry-client/lib/request.js:242:14)
41 verbose stack     at Request._callback (/usr/local/lib/node_modules/npm/node_modules/npm-registry-client/lib/request.js:172:14)
41 verbose stack     at Request.self.callback (/usr/local/lib/node_modules/npm/node_modules/request/request.js:198:22)
41 verbose stack     at emitTwo (events.js:100:13)
41 verbose stack     at Request.emit (events.js:185:7)
41 verbose stack     at Request.<anonymous> (/usr/local/lib/node_modules/npm/node_modules/request/request.js:1082:10)
41 verbose stack     at emitOne (events.js:95:20)
41 verbose stack     at Request.emit (events.js:182:7)
41 verbose stack     at IncomingMessage.<anonymous> (/usr/local/lib/node_modules/npm/node_modules/request/request.js:1009:12)
42 verbose statusCode 404
43 verbose pkgid 2.4.20
44 verbose cwd /Users/fudaviddong/Desktop/ng-bconnect
45 error Darwin 15.4.0
46 error argv "/usr/local/bin/node" "/usr/local/bin/npm" "install" "require" "2.4.20"
47 error node v5.5.0
48 error npm  v3.3.12
49 error code E404
50 error 404 Registry returned 404 for GET on https://registry.npmjs.org/2.4.20
50 error 404
50 error 404 '2.4.20' is not in the npm registry.
50 error 404 You should bug the author to publish it (or use the name yourself!)
50 error 404
50 error 404 Note that you can also install from a
50 error 404 tarball, folder, http url, or git url.
51 verbose exit [ 1, true ]
